<?xml version="1.0" encoding="UTF-8"?>
<testsuite xmlns:xsi="http://www.w3.org/2001/XMLSchema-instance" xsi:noNamespaceSchemaLocation="https://maven.apache.org/surefire/maven-surefire-plugin/xsd/surefire-test-report-3.0.xsd" version="3.0" name="com.programming.techie.productservice.ProductServiceApplicationTests" time="57.693" tests="1" errors="0" skipped="0" failures="0">
  <properties>
    <property name="java.specification.version" value="17"/>
    <property name="sun.jnu.encoding" value="UTF-8"/>
    <property name="java.class.path" value="/Volumes/Data/SourceCode/Personal/springboot-microservices/microservices-parent/product-service/target/test-classes:/Volumes/Data/SourceCode/Personal/springboot-microservices/microservices-parent/product-service/target/classes:/Users/btanh/.m2/repository/org/springframework/boot/spring-boot-starter-data-mongodb/3.2.1/spring-boot-starter-data-mongodb-3.2.1.jar:/Users/btanh/.m2/repository/org/springframework/boot/spring-boot-starter/3.2.1/spring-boot-starter-3.2.1.jar:/Users/btanh/.m2/repository/org/springframework/boot/spring-boot/3.2.1/spring-boot-3.2.1.jar:/Users/btanh/.m2/repository/org/springframework/boot/spring-boot-autoconfigure/3.2.1/spring-boot-autoconfigure-3.2.1.jar:/Users/btanh/.m2/repository/org/springframework/boot/spring-boot-starter-logging/3.2.1/spring-boot-starter-logging-3.2.1.jar:/Users/btanh/.m2/repository/ch/qos/logback/logback-classic/1.4.14/logback-classic-1.4.14.jar:/Users/btanh/.m2/repository/ch/qos/logback/logback-core/1.4.14/logback-core-1.4.14.jar:/Users/btanh/.m2/repository/org/apache/logging/log4j/log4j-to-slf4j/2.21.1/log4j-to-slf4j-2.21.1.jar:/Users/btanh/.m2/repository/org/apache/logging/log4j/log4j-api/2.21.1/log4j-api-2.21.1.jar:/Users/btanh/.m2/repository/org/slf4j/jul-to-slf4j/2.0.9/jul-to-slf4j-2.0.9.jar:/Users/btanh/.m2/repository/jakarta/annotation/jakarta.annotation-api/2.1.1/jakarta.annotation-api-2.1.1.jar:/Users/btanh/.m2/repository/org/yaml/snakeyaml/2.2/snakeyaml-2.2.jar:/Users/btanh/.m2/repository/org/mongodb/mongodb-driver-sync/4.11.1/mongodb-driver-sync-4.11.1.jar:/Users/btanh/.m2/repository/org/mongodb/bson/4.11.1/bson-4.11.1.jar:/Users/btanh/.m2/repository/org/mongodb/mongodb-driver-core/4.11.1/mongodb-driver-core-4.11.1.jar:/Users/btanh/.m2/repository/org/mongodb/bson-record-codec/4.11.1/bson-record-codec-4.11.1.jar:/Users/btanh/.m2/repository/org/springframework/data/spring-data-mongodb/4.2.1/spring-data-mongodb-4.2.1.jar:/Users/btanh/.m2/repository/org/springframework/spring-tx/6.1.2/spring-tx-6.1.2.jar:/Users/btanh/.m2/repository/org/springframework/spring-context/6.1.2/spring-context-6.1.2.jar:/Users/btanh/.m2/repository/org/springframework/spring-beans/6.1.2/spring-beans-6.1.2.jar:/Users/btanh/.m2/repository/org/springframework/spring-expression/6.1.2/spring-expression-6.1.2.jar:/Users/btanh/.m2/repository/org/springframework/data/spring-data-commons/3.2.1/spring-data-commons-3.2.1.jar:/Users/btanh/.m2/repository/org/slf4j/slf4j-api/2.0.9/slf4j-api-2.0.9.jar:/Users/btanh/.m2/repository/org/springframework/boot/spring-boot-starter-web/3.2.1/spring-boot-starter-web-3.2.1.jar:/Users/btanh/.m2/repository/org/springframework/boot/spring-boot-starter-json/3.2.1/spring-boot-starter-json-3.2.1.jar:/Users/btanh/.m2/repository/com/fasterxml/jackson/core/jackson-databind/2.15.3/jackson-databind-2.15.3.jar:/Users/btanh/.m2/repository/com/fasterxml/jackson/core/jackson-annotations/2.15.3/jackson-annotations-2.15.3.jar:/Users/btanh/.m2/repository/com/fasterxml/jackson/core/jackson-core/2.15.3/jackson-core-2.15.3.jar:/Users/btanh/.m2/repository/com/fasterxml/jackson/datatype/jackson-datatype-jdk8/2.15.3/jackson-datatype-jdk8-2.15.3.jar:/Users/btanh/.m2/repository/com/fasterxml/jackson/datatype/jackson-datatype-jsr310/2.15.3/jackson-datatype-jsr310-2.15.3.jar:/Users/btanh/.m2/repository/com/fasterxml/jackson/module/jackson-module-parameter-names/2.15.3/jackson-module-parameter-names-2.15.3.jar:/Users/btanh/.m2/repository/org/springframework/boot/spring-boot-starter-tomcat/3.2.1/spring-boot-starter-tomcat-3.2.1.jar:/Users/btanh/.m2/repository/org/apache/tomcat/embed/tomcat-embed-core/10.1.17/tomcat-embed-core-10.1.17.jar:/Users/btanh/.m2/repository/org/apache/tomcat/embed/tomcat-embed-el/10.1.17/tomcat-embed-el-10.1.17.jar:/Users/btanh/.m2/repository/org/apache/tomcat/embed/tomcat-embed-websocket/10.1.17/tomcat-embed-websocket-10.1.17.jar:/Users/btanh/.m2/repository/org/springframework/spring-web/6.1.2/spring-web-6.1.2.jar:/Users/btanh/.m2/repository/io/micrometer/micrometer-observation/1.12.1/micrometer-observation-1.12.1.jar:/Users/btanh/.m2/repository/io/micrometer/micrometer-commons/1.12.1/micrometer-commons-1.12.1.jar:/Users/btanh/.m2/repository/org/springframework/spring-webmvc/6.1.2/spring-webmvc-6.1.2.jar:/Users/btanh/.m2/repository/org/springframework/spring-aop/6.1.2/spring-aop-6.1.2.jar:/Users/btanh/.m2/repository/org/projectlombok/lombok/1.18.30/lombok-1.18.30.jar:/Users/btanh/.m2/repository/org/springframework/boot/spring-boot-starter-test/3.2.1/spring-boot-starter-test-3.2.1.jar:/Users/btanh/.m2/repository/org/springframework/boot/spring-boot-test/3.2.1/spring-boot-test-3.2.1.jar:/Users/btanh/.m2/repository/org/springframework/boot/spring-boot-test-autoconfigure/3.2.1/spring-boot-test-autoconfigure-3.2.1.jar:/Users/btanh/.m2/repository/com/jayway/jsonpath/json-path/2.8.0/json-path-2.8.0.jar:/Users/btanh/.m2/repository/jakarta/xml/bind/jakarta.xml.bind-api/4.0.1/jakarta.xml.bind-api-4.0.1.jar:/Users/btanh/.m2/repository/jakarta/activation/jakarta.activation-api/2.1.2/jakarta.activation-api-2.1.2.jar:/Users/btanh/.m2/repository/net/minidev/json-smart/2.5.0/json-smart-2.5.0.jar:/Users/btanh/.m2/repository/net/minidev/accessors-smart/2.5.0/accessors-smart-2.5.0.jar:/Users/btanh/.m2/repository/org/ow2/asm/asm/9.3/asm-9.3.jar:/Users/btanh/.m2/repository/org/assertj/assertj-core/3.24.2/assertj-core-3.24.2.jar:/Users/btanh/.m2/repository/net/bytebuddy/byte-buddy/1.14.10/byte-buddy-1.14.10.jar:/Users/btanh/.m2/repository/org/awaitility/awaitility/4.2.0/awaitility-4.2.0.jar:/Users/btanh/.m2/repository/org/hamcrest/hamcrest/2.2/hamcrest-2.2.jar:/Users/btanh/.m2/repository/org/junit/jupiter/junit-jupiter/5.10.1/junit-jupiter-5.10.1.jar:/Users/btanh/.m2/repository/org/junit/jupiter/junit-jupiter-api/5.10.1/junit-jupiter-api-5.10.1.jar:/Users/btanh/.m2/repository/org/opentest4j/opentest4j/1.3.0/opentest4j-1.3.0.jar:/Users/btanh/.m2/repository/org/junit/platform/junit-platform-commons/1.10.1/junit-platform-commons-1.10.1.jar:/Users/btanh/.m2/repository/org/apiguardian/apiguardian-api/1.1.2/apiguardian-api-1.1.2.jar:/Users/btanh/.m2/repository/org/junit/jupiter/junit-jupiter-params/5.10.1/junit-jupiter-params-5.10.1.jar:/Users/btanh/.m2/repository/org/junit/jupiter/junit-jupiter-engine/5.10.1/junit-jupiter-engine-5.10.1.jar:/Users/btanh/.m2/repository/org/junit/platform/junit-platform-engine/1.10.1/junit-platform-engine-1.10.1.jar:/Users/btanh/.m2/repository/org/mockito/mockito-core/5.7.0/mockito-core-5.7.0.jar:/Users/btanh/.m2/repository/net/bytebuddy/byte-buddy-agent/1.14.10/byte-buddy-agent-1.14.10.jar:/Users/btanh/.m2/repository/org/objenesis/objenesis/3.3/objenesis-3.3.jar:/Users/btanh/.m2/repository/org/mockito/mockito-junit-jupiter/5.7.0/mockito-junit-jupiter-5.7.0.jar:/Users/btanh/.m2/repository/org/skyscreamer/jsonassert/1.5.1/jsonassert-1.5.1.jar:/Users/btanh/.m2/repository/com/vaadin/external/google/android-json/0.0.20131108.vaadin1/android-json-0.0.20131108.vaadin1.jar:/Users/btanh/.m2/repository/org/springframework/spring-core/6.1.2/spring-core-6.1.2.jar:/Users/btanh/.m2/repository/org/springframework/spring-jcl/6.1.2/spring-jcl-6.1.2.jar:/Users/btanh/.m2/repository/org/springframework/spring-test/6.1.2/spring-test-6.1.2.jar:/Users/btanh/.m2/repository/org/xmlunit/xmlunit-core/2.9.1/xmlunit-core-2.9.1.jar:/Users/btanh/.m2/repository/org/testcontainers/mongodb/1.19.3/mongodb-1.19.3.jar:/Users/btanh/.m2/repository/org/testcontainers/testcontainers/1.19.3/testcontainers-1.19.3.jar:/Users/btanh/.m2/repository/junit/junit/4.13.2/junit-4.13.2.jar:/Users/btanh/.m2/repository/org/hamcrest/hamcrest-core/2.2/hamcrest-core-2.2.jar:/Users/btanh/.m2/repository/org/apache/commons/commons-compress/1.24.0/commons-compress-1.24.0.jar:/Users/btanh/.m2/repository/org/rnorth/duct-tape/duct-tape/1.0.8/duct-tape-1.0.8.jar:/Users/btanh/.m2/repository/org/jetbrains/annotations/17.0.0/annotations-17.0.0.jar:/Users/btanh/.m2/repository/com/github/docker-java/docker-java-api/3.3.4/docker-java-api-3.3.4.jar:/Users/btanh/.m2/repository/com/github/docker-java/docker-java-transport-zerodep/3.3.4/docker-java-transport-zerodep-3.3.4.jar:/Users/btanh/.m2/repository/com/github/docker-java/docker-java-transport/3.3.4/docker-java-transport-3.3.4.jar:/Users/btanh/.m2/repository/net/java/dev/jna/jna/5.13.0/jna-5.13.0.jar:/Users/btanh/.m2/repository/org/testcontainers/junit-jupiter/1.19.3/junit-jupiter-1.19.3.jar:"/>
    <property name="java.vm.vendor" value="Eclipse Adoptium"/>
    <property name="sun.arch.data.model" value="64"/>
    <property name="java.vendor.url" value="https://adoptium.net/"/>
    <property name="user.timezone" value="Asia/Ho_Chi_Minh"/>
    <property name="os.name" value="Mac OS X"/>
    <property name="java.vm.specification.version" value="17"/>
    <property name="sun.java.launcher" value="SUN_STANDARD"/>
    <property name="user.country" value="VN"/>
    <property name="sun.boot.library.path" value="/Library/Java/JavaVirtualMachines/temurin-17.jdk/Contents/Home/lib"/>
    <property name="sun.java.command" value="/Volumes/Data/SourceCode/Personal/springboot-microservices/microservices-parent/product-service/target/surefire/surefirebooter-20240109134805572_3.jar /Volumes/Data/SourceCode/Personal/springboot-microservices/microservices-parent/product-service/target/surefire 2024-01-09T13-48-05_474-jvmRun1 surefire-20240109134805572_1tmp surefire_0-20240109134805572_2tmp"/>
    <property name="http.nonProxyHosts" value="local|*.local|169.254/16|*.169.254/16"/>
    <property name="jdk.debug" value="release"/>
    <property name="surefire.test.class.path" value="/Volumes/Data/SourceCode/Personal/springboot-microservices/microservices-parent/product-service/target/test-classes:/Volumes/Data/SourceCode/Personal/springboot-microservices/microservices-parent/product-service/target/classes:/Users/btanh/.m2/repository/org/springframework/boot/spring-boot-starter-data-mongodb/3.2.1/spring-boot-starter-data-mongodb-3.2.1.jar:/Users/btanh/.m2/repository/org/springframework/boot/spring-boot-starter/3.2.1/spring-boot-starter-3.2.1.jar:/Users/btanh/.m2/repository/org/springframework/boot/spring-boot/3.2.1/spring-boot-3.2.1.jar:/Users/btanh/.m2/repository/org/springframework/boot/spring-boot-autoconfigure/3.2.1/spring-boot-autoconfigure-3.2.1.jar:/Users/btanh/.m2/repository/org/springframework/boot/spring-boot-starter-logging/3.2.1/spring-boot-starter-logging-3.2.1.jar:/Users/btanh/.m2/repository/ch/qos/logback/logback-classic/1.4.14/logback-classic-1.4.14.jar:/Users/btanh/.m2/repository/ch/qos/logback/logback-core/1.4.14/logback-core-1.4.14.jar:/Users/btanh/.m2/repository/org/apache/logging/log4j/log4j-to-slf4j/2.21.1/log4j-to-slf4j-2.21.1.jar:/Users/btanh/.m2/repository/org/apache/logging/log4j/log4j-api/2.21.1/log4j-api-2.21.1.jar:/Users/btanh/.m2/repository/org/slf4j/jul-to-slf4j/2.0.9/jul-to-slf4j-2.0.9.jar:/Users/btanh/.m2/repository/jakarta/annotation/jakarta.annotation-api/2.1.1/jakarta.annotation-api-2.1.1.jar:/Users/btanh/.m2/repository/org/yaml/snakeyaml/2.2/snakeyaml-2.2.jar:/Users/btanh/.m2/repository/org/mongodb/mongodb-driver-sync/4.11.1/mongodb-driver-sync-4.11.1.jar:/Users/btanh/.m2/repository/org/mongodb/bson/4.11.1/bson-4.11.1.jar:/Users/btanh/.m2/repository/org/mongodb/mongodb-driver-core/4.11.1/mongodb-driver-core-4.11.1.jar:/Users/btanh/.m2/repository/org/mongodb/bson-record-codec/4.11.1/bson-record-codec-4.11.1.jar:/Users/btanh/.m2/repository/org/springframework/data/spring-data-mongodb/4.2.1/spring-data-mongodb-4.2.1.jar:/Users/btanh/.m2/repository/org/springframework/spring-tx/6.1.2/spring-tx-6.1.2.jar:/Users/btanh/.m2/repository/org/springframework/spring-context/6.1.2/spring-context-6.1.2.jar:/Users/btanh/.m2/repository/org/springframework/spring-beans/6.1.2/spring-beans-6.1.2.jar:/Users/btanh/.m2/repository/org/springframework/spring-expression/6.1.2/spring-expression-6.1.2.jar:/Users/btanh/.m2/repository/org/springframework/data/spring-data-commons/3.2.1/spring-data-commons-3.2.1.jar:/Users/btanh/.m2/repository/org/slf4j/slf4j-api/2.0.9/slf4j-api-2.0.9.jar:/Users/btanh/.m2/repository/org/springframework/boot/spring-boot-starter-web/3.2.1/spring-boot-starter-web-3.2.1.jar:/Users/btanh/.m2/repository/org/springframework/boot/spring-boot-starter-json/3.2.1/spring-boot-starter-json-3.2.1.jar:/Users/btanh/.m2/repository/com/fasterxml/jackson/core/jackson-databind/2.15.3/jackson-databind-2.15.3.jar:/Users/btanh/.m2/repository/com/fasterxml/jackson/core/jackson-annotations/2.15.3/jackson-annotations-2.15.3.jar:/Users/btanh/.m2/repository/com/fasterxml/jackson/core/jackson-core/2.15.3/jackson-core-2.15.3.jar:/Users/btanh/.m2/repository/com/fasterxml/jackson/datatype/jackson-datatype-jdk8/2.15.3/jackson-datatype-jdk8-2.15.3.jar:/Users/btanh/.m2/repository/com/fasterxml/jackson/datatype/jackson-datatype-jsr310/2.15.3/jackson-datatype-jsr310-2.15.3.jar:/Users/btanh/.m2/repository/com/fasterxml/jackson/module/jackson-module-parameter-names/2.15.3/jackson-module-parameter-names-2.15.3.jar:/Users/btanh/.m2/repository/org/springframework/boot/spring-boot-starter-tomcat/3.2.1/spring-boot-starter-tomcat-3.2.1.jar:/Users/btanh/.m2/repository/org/apache/tomcat/embed/tomcat-embed-core/10.1.17/tomcat-embed-core-10.1.17.jar:/Users/btanh/.m2/repository/org/apache/tomcat/embed/tomcat-embed-el/10.1.17/tomcat-embed-el-10.1.17.jar:/Users/btanh/.m2/repository/org/apache/tomcat/embed/tomcat-embed-websocket/10.1.17/tomcat-embed-websocket-10.1.17.jar:/Users/btanh/.m2/repository/org/springframework/spring-web/6.1.2/spring-web-6.1.2.jar:/Users/btanh/.m2/repository/io/micrometer/micrometer-observation/1.12.1/micrometer-observation-1.12.1.jar:/Users/btanh/.m2/repository/io/micrometer/micrometer-commons/1.12.1/micrometer-commons-1.12.1.jar:/Users/btanh/.m2/repository/org/springframework/spring-webmvc/6.1.2/spring-webmvc-6.1.2.jar:/Users/btanh/.m2/repository/org/springframework/spring-aop/6.1.2/spring-aop-6.1.2.jar:/Users/btanh/.m2/repository/org/projectlombok/lombok/1.18.30/lombok-1.18.30.jar:/Users/btanh/.m2/repository/org/springframework/boot/spring-boot-starter-test/3.2.1/spring-boot-starter-test-3.2.1.jar:/Users/btanh/.m2/repository/org/springframework/boot/spring-boot-test/3.2.1/spring-boot-test-3.2.1.jar:/Users/btanh/.m2/repository/org/springframework/boot/spring-boot-test-autoconfigure/3.2.1/spring-boot-test-autoconfigure-3.2.1.jar:/Users/btanh/.m2/repository/com/jayway/jsonpath/json-path/2.8.0/json-path-2.8.0.jar:/Users/btanh/.m2/repository/jakarta/xml/bind/jakarta.xml.bind-api/4.0.1/jakarta.xml.bind-api-4.0.1.jar:/Users/btanh/.m2/repository/jakarta/activation/jakarta.activation-api/2.1.2/jakarta.activation-api-2.1.2.jar:/Users/btanh/.m2/repository/net/minidev/json-smart/2.5.0/json-smart-2.5.0.jar:/Users/btanh/.m2/repository/net/minidev/accessors-smart/2.5.0/accessors-smart-2.5.0.jar:/Users/btanh/.m2/repository/org/ow2/asm/asm/9.3/asm-9.3.jar:/Users/btanh/.m2/repository/org/assertj/assertj-core/3.24.2/assertj-core-3.24.2.jar:/Users/btanh/.m2/repository/net/bytebuddy/byte-buddy/1.14.10/byte-buddy-1.14.10.jar:/Users/btanh/.m2/repository/org/awaitility/awaitility/4.2.0/awaitility-4.2.0.jar:/Users/btanh/.m2/repository/org/hamcrest/hamcrest/2.2/hamcrest-2.2.jar:/Users/btanh/.m2/repository/org/junit/jupiter/junit-jupiter/5.10.1/junit-jupiter-5.10.1.jar:/Users/btanh/.m2/repository/org/junit/jupiter/junit-jupiter-api/5.10.1/junit-jupiter-api-5.10.1.jar:/Users/btanh/.m2/repository/org/opentest4j/opentest4j/1.3.0/opentest4j-1.3.0.jar:/Users/btanh/.m2/repository/org/junit/platform/junit-platform-commons/1.10.1/junit-platform-commons-1.10.1.jar:/Users/btanh/.m2/repository/org/apiguardian/apiguardian-api/1.1.2/apiguardian-api-1.1.2.jar:/Users/btanh/.m2/repository/org/junit/jupiter/junit-jupiter-params/5.10.1/junit-jupiter-params-5.10.1.jar:/Users/btanh/.m2/repository/org/junit/jupiter/junit-jupiter-engine/5.10.1/junit-jupiter-engine-5.10.1.jar:/Users/btanh/.m2/repository/org/junit/platform/junit-platform-engine/1.10.1/junit-platform-engine-1.10.1.jar:/Users/btanh/.m2/repository/org/mockito/mockito-core/5.7.0/mockito-core-5.7.0.jar:/Users/btanh/.m2/repository/net/bytebuddy/byte-buddy-agent/1.14.10/byte-buddy-agent-1.14.10.jar:/Users/btanh/.m2/repository/org/objenesis/objenesis/3.3/objenesis-3.3.jar:/Users/btanh/.m2/repository/org/mockito/mockito-junit-jupiter/5.7.0/mockito-junit-jupiter-5.7.0.jar:/Users/btanh/.m2/repository/org/skyscreamer/jsonassert/1.5.1/jsonassert-1.5.1.jar:/Users/btanh/.m2/repository/com/vaadin/external/google/android-json/0.0.20131108.vaadin1/android-json-0.0.20131108.vaadin1.jar:/Users/btanh/.m2/repository/org/springframework/spring-core/6.1.2/spring-core-6.1.2.jar:/Users/btanh/.m2/repository/org/springframework/spring-jcl/6.1.2/spring-jcl-6.1.2.jar:/Users/btanh/.m2/repository/org/springframework/spring-test/6.1.2/spring-test-6.1.2.jar:/Users/btanh/.m2/repository/org/xmlunit/xmlunit-core/2.9.1/xmlunit-core-2.9.1.jar:/Users/btanh/.m2/repository/org/testcontainers/mongodb/1.19.3/mongodb-1.19.3.jar:/Users/btanh/.m2/repository/org/testcontainers/testcontainers/1.19.3/testcontainers-1.19.3.jar:/Users/btanh/.m2/repository/junit/junit/4.13.2/junit-4.13.2.jar:/Users/btanh/.m2/repository/org/hamcrest/hamcrest-core/2.2/hamcrest-core-2.2.jar:/Users/btanh/.m2/repository/org/apache/commons/commons-compress/1.24.0/commons-compress-1.24.0.jar:/Users/btanh/.m2/repository/org/rnorth/duct-tape/duct-tape/1.0.8/duct-tape-1.0.8.jar:/Users/btanh/.m2/repository/org/jetbrains/annotations/17.0.0/annotations-17.0.0.jar:/Users/btanh/.m2/repository/com/github/docker-java/docker-java-api/3.3.4/docker-java-api-3.3.4.jar:/Users/btanh/.m2/repository/com/github/docker-java/docker-java-transport-zerodep/3.3.4/docker-java-transport-zerodep-3.3.4.jar:/Users/btanh/.m2/repository/com/github/docker-java/docker-java-transport/3.3.4/docker-java-transport-3.3.4.jar:/Users/btanh/.m2/repository/net/java/dev/jna/jna/5.13.0/jna-5.13.0.jar:/Users/btanh/.m2/repository/org/testcontainers/junit-jupiter/1.19.3/junit-jupiter-1.19.3.jar:"/>
    <property name="sun.cpu.endian" value="little"/>
    <property name="user.home" value="/Users/btanh"/>
    <property name="user.language" value="en"/>
    <property name="java.specification.vendor" value="Oracle Corporation"/>
    <property name="java.version.date" value="2022-10-18"/>
    <property name="java.home" value="/Library/Java/JavaVirtualMachines/temurin-17.jdk/Contents/Home"/>
    <property name="file.separator" value="/"/>
    <property name="basedir" value="/Volumes/Data/SourceCode/Personal/springboot-microservices/microservices-parent/product-service"/>
    <property name="java.vm.compressedOopsMode" value="Zero based"/>
    <property name="line.separator" value="&#10;"/>
    <property name="java.vm.specification.vendor" value="Oracle Corporation"/>
    <property name="java.specification.name" value="Java Platform API Specification"/>
    <property name="FILE_LOG_CHARSET" value="UTF-8"/>
    <property name="java.awt.headless" value="true"/>
    <property name="surefire.real.class.path" value="/Volumes/Data/SourceCode/Personal/springboot-microservices/microservices-parent/product-service/target/surefire/surefirebooter-20240109134805572_3.jar"/>
    <property name="sun.management.compiler" value="HotSpot 64-Bit Tiered Compilers"/>
    <property name="ftp.nonProxyHosts" value="local|*.local|169.254/16|*.169.254/16"/>
    <property name="java.runtime.version" value="17.0.5+8"/>
    <property name="user.name" value="btanh"/>
    <property name="path.separator" value=":"/>
    <property name="os.version" value="14.2.1"/>
    <property name="java.runtime.name" value="OpenJDK Runtime Environment"/>
    <property name="file.encoding" value="UTF-8"/>
    <property name="java.vm.name" value="OpenJDK 64-Bit Server VM"/>
    <property name="java.vendor.version" value="Temurin-17.0.5+8"/>
    <property name="localRepository" value="/Users/btanh/.m2/repository"/>
    <property name="java.vendor.url.bug" value="https://github.com/adoptium/adoptium-support/issues"/>
    <property name="java.io.tmpdir" value="/var/folders/sq/c_mgcfsn45z7qdljshqth1xw0000gp/T/"/>
    <property name="idea.version" value="2022.3.2"/>
    <property name="java.version" value="17.0.5"/>
    <property name="user.dir" value="/Volumes/Data/SourceCode/Personal/springboot-microservices/microservices-parent/product-service"/>
    <property name="os.arch" value="aarch64"/>
    <property name="java.vm.specification.name" value="Java Virtual Machine Specification"/>
    <property name="PID" value="63561"/>
    <property name="CONSOLE_LOG_CHARSET" value="UTF-8"/>
    <property name="native.encoding" value="UTF-8"/>
    <property name="java.library.path" value="/Users/btanh/Library/Java/Extensions:/Library/Java/Extensions:/Network/Library/Java/Extensions:/System/Library/Java/Extensions:/usr/lib/java:."/>
    <property name="java.vm.info" value="mixed mode"/>
    <property name="java.vendor" value="Eclipse Adoptium"/>
    <property name="java.vm.version" value="17.0.5+8"/>
    <property name="sun.io.unicode.encoding" value="UnicodeBig"/>
    <property name="socksNonProxyHosts" value="local|*.local|169.254/16|*.169.254/16"/>
    <property name="java.class.version" value="61.0"/>
  </properties>
  <testcase name="shouldCreateProduct" classname="com.programming.techie.productservice.ProductServiceApplicationTests" time="1.145">
    <system-out><![CDATA[13:48:06.191 [main] INFO org.springframework.test.context.support.AnnotationConfigContextLoaderUtils -- Could not detect default configuration classes for test class [com.programming.techie.productservice.ProductServiceApplicationTests]: ProductServiceApplicationTests does not declare any static, non-private, non-final, nested classes annotated with @Configuration.
13:48:06.241 [main] INFO org.springframework.boot.test.context.SpringBootTestContextBootstrapper -- Found @SpringBootConfiguration com.programming.techie.productservice.ProductServiceApplication for test class com.programming.techie.productservice.ProductServiceApplicationTests
13:48:06.320 [main] INFO org.testcontainers.images.PullPolicy -- Image pull policy will be performed by: DefaultPullPolicy()
13:48:06.321 [main] INFO org.testcontainers.utility.ImageNameSubstitutor -- Image name substitution will be performed by: DefaultImageNameSubstitutor (composite of 'ConfigurationFileImageNameSubstitutor' and 'PrefixingImageNameSubstitutor')
13:48:06.461 [main] INFO org.testcontainers.dockerclient.DockerClientProviderStrategy -- Loaded org.testcontainers.dockerclient.UnixSocketClientProviderStrategy from ~/.testcontainers.properties, will try it first
13:48:06.606 [main] INFO org.testcontainers.dockerclient.DockerClientProviderStrategy -- Found Docker environment with local Unix socket (unix:///var/run/docker.sock)
13:48:06.606 [main] INFO org.testcontainers.DockerClientFactory -- Docker host IP address is localhost
13:48:06.615 [main] INFO org.testcontainers.DockerClientFactory -- Connected to docker: 
  Server Version: 23.0.6
  API Version: 1.42
  Operating System: Alpine Linux v3.18
  Total Memory: 3917 MB
13:48:06.629 [main] INFO tc.testcontainers/ryuk:0.5.1 -- Creating container for image: testcontainers/ryuk:0.5.1
13:48:06.751 [main] INFO tc.testcontainers/ryuk:0.5.1 -- Container testcontainers/ryuk:0.5.1 is starting: 28eca2b3784017cb8e4245245c47419e88091781cc75a8634502312e92aa634c
13:48:07.052 [main] INFO tc.testcontainers/ryuk:0.5.1 -- Container testcontainers/ryuk:0.5.1 started in PT0.423613S
13:48:07.055 [testcontainers-ryuk] WARN org.testcontainers.utility.RyukResourceReaper -- Can not connect to Ryuk at localhost:32768
java.net.ConnectException: Connection refused
	at java.base/sun.nio.ch.Net.pollConnect(Native Method)
	at java.base/sun.nio.ch.Net.pollConnectNow(Net.java:672)
	at java.base/sun.nio.ch.NioSocketImpl.timedFinishConnect(NioSocketImpl.java:542)
	at java.base/sun.nio.ch.NioSocketImpl.connect(NioSocketImpl.java:597)
	at java.base/java.net.SocksSocketImpl.connect(SocksSocketImpl.java:327)
	at java.base/java.net.Socket.connect(Socket.java:633)
	at org.testcontainers.utility.RyukResourceReaper.lambda$null$1(RyukResourceReaper.java:105)
	at org.rnorth.ducttape.ratelimits.RateLimiter.doWhenReady(RateLimiter.java:27)
	at org.testcontainers.utility.RyukResourceReaper.lambda$maybeStart$2(RyukResourceReaper.java:101)
	at java.base/java.lang.Thread.run(Thread.java:833)
13:48:07.311 [testcontainers-ryuk] WARN org.testcontainers.utility.RyukResourceReaper -- Can not connect to Ryuk at localhost:32768
java.net.ConnectException: Connection refused
	at java.base/sun.nio.ch.Net.pollConnect(Native Method)
	at java.base/sun.nio.ch.Net.pollConnectNow(Net.java:672)
	at java.base/sun.nio.ch.NioSocketImpl.timedFinishConnect(NioSocketImpl.java:549)
	at java.base/sun.nio.ch.NioSocketImpl.connect(NioSocketImpl.java:597)
	at java.base/java.net.SocksSocketImpl.connect(SocksSocketImpl.java:327)
	at java.base/java.net.Socket.connect(Socket.java:633)
	at org.testcontainers.utility.RyukResourceReaper.lambda$null$1(RyukResourceReaper.java:105)
	at org.rnorth.ducttape.ratelimits.RateLimiter.doWhenReady(RateLimiter.java:27)
	at org.testcontainers.utility.RyukResourceReaper.lambda$maybeStart$2(RyukResourceReaper.java:101)
	at java.base/java.lang.Thread.run(Thread.java:833)
13:48:07.563 [testcontainers-ryuk] WARN org.testcontainers.utility.RyukResourceReaper -- Can not connect to Ryuk at localhost:32768
java.net.ConnectException: Connection refused
	at java.base/sun.nio.ch.Net.pollConnect(Native Method)
	at java.base/sun.nio.ch.Net.pollConnectNow(Net.java:672)
	at java.base/sun.nio.ch.NioSocketImpl.timedFinishConnect(NioSocketImpl.java:549)
	at java.base/sun.nio.ch.NioSocketImpl.connect(NioSocketImpl.java:597)
	at java.base/java.net.SocksSocketImpl.connect(SocksSocketImpl.java:327)
	at java.base/java.net.Socket.connect(Socket.java:633)
	at org.testcontainers.utility.RyukResourceReaper.lambda$null$1(RyukResourceReaper.java:105)
	at org.rnorth.ducttape.ratelimits.RateLimiter.doWhenReady(RateLimiter.java:27)
	at org.testcontainers.utility.RyukResourceReaper.lambda$maybeStart$2(RyukResourceReaper.java:101)
	at java.base/java.lang.Thread.run(Thread.java:833)
13:48:07.818 [testcontainers-ryuk] WARN org.testcontainers.utility.RyukResourceReaper -- Can not connect to Ryuk at localhost:32768
java.net.ConnectException: Connection refused
	at java.base/sun.nio.ch.Net.pollConnect(Native Method)
	at java.base/sun.nio.ch.Net.pollConnectNow(Net.java:672)
	at java.base/sun.nio.ch.NioSocketImpl.timedFinishConnect(NioSocketImpl.java:549)
	at java.base/sun.nio.ch.NioSocketImpl.connect(NioSocketImpl.java:597)
	at java.base/java.net.SocksSocketImpl.connect(SocksSocketImpl.java:327)
	at java.base/java.net.Socket.connect(Socket.java:633)
	at org.testcontainers.utility.RyukResourceReaper.lambda$null$1(RyukResourceReaper.java:105)
	at org.rnorth.ducttape.ratelimits.RateLimiter.doWhenReady(RateLimiter.java:27)
	at org.testcontainers.utility.RyukResourceReaper.lambda$maybeStart$2(RyukResourceReaper.java:101)
	at java.base/java.lang.Thread.run(Thread.java:833)
13:48:08.074 [testcontainers-ryuk] WARN org.testcontainers.utility.RyukResourceReaper -- Can not connect to Ryuk at localhost:32768
java.net.ConnectException: Connection refused
	at java.base/sun.nio.ch.Net.pollConnect(Native Method)
	at java.base/sun.nio.ch.Net.pollConnectNow(Net.java:672)
	at java.base/sun.nio.ch.NioSocketImpl.timedFinishConnect(NioSocketImpl.java:549)
	at java.base/sun.nio.ch.NioSocketImpl.connect(NioSocketImpl.java:597)
	at java.base/java.net.SocksSocketImpl.connect(SocksSocketImpl.java:327)
	at java.base/java.net.Socket.connect(Socket.java:633)
	at org.testcontainers.utility.RyukResourceReaper.lambda$null$1(RyukResourceReaper.java:105)
	at org.rnorth.ducttape.ratelimits.RateLimiter.doWhenReady(RateLimiter.java:27)
	at org.testcontainers.utility.RyukResourceReaper.lambda$maybeStart$2(RyukResourceReaper.java:101)
	at java.base/java.lang.Thread.run(Thread.java:833)
13:48:08.329 [testcontainers-ryuk] WARN org.testcontainers.utility.RyukResourceReaper -- Can not connect to Ryuk at localhost:32768
java.net.ConnectException: Connection refused
	at java.base/sun.nio.ch.Net.pollConnect(Native Method)
	at java.base/sun.nio.ch.Net.pollConnectNow(Net.java:672)
	at java.base/sun.nio.ch.NioSocketImpl.timedFinishConnect(NioSocketImpl.java:549)
	at java.base/sun.nio.ch.NioSocketImpl.connect(NioSocketImpl.java:597)
	at java.base/java.net.SocksSocketImpl.connect(SocksSocketImpl.java:327)
	at java.base/java.net.Socket.connect(Socket.java:633)
	at org.testcontainers.utility.RyukResourceReaper.lambda$null$1(RyukResourceReaper.java:105)
	at org.rnorth.ducttape.ratelimits.RateLimiter.doWhenReady(RateLimiter.java:27)
	at org.testcontainers.utility.RyukResourceReaper.lambda$maybeStart$2(RyukResourceReaper.java:101)
	at java.base/java.lang.Thread.run(Thread.java:833)
13:48:08.585 [testcontainers-ryuk] WARN org.testcontainers.utility.RyukResourceReaper -- Can not connect to Ryuk at localhost:32768
java.net.ConnectException: Connection refused
	at java.base/sun.nio.ch.Net.pollConnect(Native Method)
	at java.base/sun.nio.ch.Net.pollConnectNow(Net.java:672)
	at java.base/sun.nio.ch.NioSocketImpl.timedFinishConnect(NioSocketImpl.java:549)
	at java.base/sun.nio.ch.NioSocketImpl.connect(NioSocketImpl.java:597)
	at java.base/java.net.SocksSocketImpl.connect(SocksSocketImpl.java:327)
	at java.base/java.net.Socket.connect(Socket.java:633)
	at org.testcontainers.utility.RyukResourceReaper.lambda$null$1(RyukResourceReaper.java:105)
	at org.rnorth.ducttape.ratelimits.RateLimiter.doWhenReady(RateLimiter.java:27)
	at org.testcontainers.utility.RyukResourceReaper.lambda$maybeStart$2(RyukResourceReaper.java:101)
	at java.base/java.lang.Thread.run(Thread.java:833)
13:48:08.837 [testcontainers-ryuk] WARN org.testcontainers.utility.RyukResourceReaper -- Can not connect to Ryuk at localhost:32768
java.net.ConnectException: Connection refused
	at java.base/sun.nio.ch.Net.pollConnect(Native Method)
	at java.base/sun.nio.ch.Net.pollConnectNow(Net.java:672)
	at java.base/sun.nio.ch.NioSocketImpl.timedFinishConnect(NioSocketImpl.java:549)
	at java.base/sun.nio.ch.NioSocketImpl.connect(NioSocketImpl.java:597)
	at java.base/java.net.SocksSocketImpl.connect(SocksSocketImpl.java:327)
	at java.base/java.net.Socket.connect(Socket.java:633)
	at org.testcontainers.utility.RyukResourceReaper.lambda$null$1(RyukResourceReaper.java:105)
	at org.rnorth.ducttape.ratelimits.RateLimiter.doWhenReady(RateLimiter.java:27)
	at org.testcontainers.utility.RyukResourceReaper.lambda$maybeStart$2(RyukResourceReaper.java:101)
	at java.base/java.lang.Thread.run(Thread.java:833)
13:48:09.093 [testcontainers-ryuk] WARN org.testcontainers.utility.RyukResourceReaper -- Can not connect to Ryuk at localhost:32768
java.net.ConnectException: Connection refused
	at java.base/sun.nio.ch.Net.pollConnect(Native Method)
	at java.base/sun.nio.ch.Net.pollConnectNow(Net.java:672)
	at java.base/sun.nio.ch.NioSocketImpl.timedFinishConnect(NioSocketImpl.java:549)
	at java.base/sun.nio.ch.NioSocketImpl.connect(NioSocketImpl.java:597)
	at java.base/java.net.SocksSocketImpl.connect(SocksSocketImpl.java:327)
	at java.base/java.net.Socket.connect(Socket.java:633)
	at org.testcontainers.utility.RyukResourceReaper.lambda$null$1(RyukResourceReaper.java:105)
	at org.rnorth.ducttape.ratelimits.RateLimiter.doWhenReady(RateLimiter.java:27)
	at org.testcontainers.utility.RyukResourceReaper.lambda$maybeStart$2(RyukResourceReaper.java:101)
	at java.base/java.lang.Thread.run(Thread.java:833)
13:48:09.354 [main] INFO org.testcontainers.utility.RyukResourceReaper -- Ryuk started - will monitor and terminate Testcontainers containers on JVM exit
13:48:09.354 [main] INFO org.testcontainers.DockerClientFactory -- Checking the system...
13:48:09.355 [main] INFO org.testcontainers.DockerClientFactory -- ✔︎ Docker server version should be at least 1.6.0
13:48:09.363 [main] INFO tc.mongo:4.4.2 -- Pulling docker image: mongo:4.4.2. Please be patient; this may take some time but only needs to be done once.
13:48:19.866 [docker-java-stream-830364299] INFO tc.mongo:4.4.2 -- Starting to pull image
13:48:19.879 [docker-java-stream-830364299] INFO tc.mongo:4.4.2 -- Pulling image layers:  0 pending,  0 downloaded,  0 extracted, (0 bytes/0 bytes)
13:48:24.742 [docker-java-stream-830364299] INFO tc.mongo:4.4.2 -- Pulling image layers: 11 pending,  1 downloaded,  0 extracted, (762 bytes/? MB)
13:48:24.753 [docker-java-stream-830364299] INFO tc.mongo:4.4.2 -- Pulling image layers: 10 pending,  2 downloaded,  0 extracted, (762 bytes/? MB)
13:48:28.204 [docker-java-stream-830364299] INFO tc.mongo:4.4.2 -- Pulling image layers:  9 pending,  3 downloaded,  0 extracted, (22 MB/? MB)
13:48:28.797 [docker-java-stream-830364299] INFO tc.mongo:4.4.2 -- Pulling image layers:  9 pending,  3 downloaded,  1 extracted, (22 MB/? MB)
13:48:28.822 [docker-java-stream-830364299] INFO tc.mongo:4.4.2 -- Pulling image layers:  9 pending,  3 downloaded,  2 extracted, (22 MB/? MB)
13:48:28.847 [docker-java-stream-830364299] INFO tc.mongo:4.4.2 -- Pulling image layers:  9 pending,  3 downloaded,  3 extracted, (22 MB/? MB)
13:48:29.842 [docker-java-stream-830364299] INFO tc.mongo:4.4.2 -- Pulling image layers:  9 pending,  3 downloaded,  4 extracted, (22 MB/? MB)
13:48:30.396 [docker-java-stream-830364299] INFO tc.mongo:4.4.2 -- Pulling image layers:  9 pending,  3 downloaded,  5 extracted, (25 MB/? MB)
13:48:33.309 [docker-java-stream-830364299] INFO tc.mongo:4.4.2 -- Pulling image layers:  8 pending,  4 downloaded,  5 extracted, (25 MB/? MB)
13:48:34.106 [docker-java-stream-830364299] INFO tc.mongo:4.4.2 -- Pulling image layers:  7 pending,  5 downloaded,  5 extracted, (30 MB/? MB)
13:48:34.265 [docker-java-stream-830364299] INFO tc.mongo:4.4.2 -- Pulling image layers:  7 pending,  5 downloaded,  6 extracted, (30 MB/? MB)
13:48:34.293 [docker-java-stream-830364299] INFO tc.mongo:4.4.2 -- Pulling image layers:  7 pending,  5 downloaded,  7 extracted, (30 MB/? MB)
13:48:35.392 [docker-java-stream-830364299] INFO tc.mongo:4.4.2 -- Pulling image layers:  6 pending,  6 downloaded,  7 extracted, (30 MB/? MB)
13:48:35.421 [docker-java-stream-830364299] INFO tc.mongo:4.4.2 -- Pulling image layers:  6 pending,  6 downloaded,  8 extracted, (30 MB/? MB)
13:48:38.170 [docker-java-stream-830364299] INFO tc.mongo:4.4.2 -- Pulling image layers:  5 pending,  7 downloaded,  8 extracted, (30 MB/? MB)
13:48:38.196 [docker-java-stream-830364299] INFO tc.mongo:4.4.2 -- Pulling image layers:  5 pending,  7 downloaded,  9 extracted, (30 MB/? MB)
13:48:40.514 [docker-java-stream-830364299] INFO tc.mongo:4.4.2 -- Pulling image layers:  4 pending,  8 downloaded,  9 extracted, (41 MB/? MB)
13:48:43.326 [docker-java-stream-830364299] INFO tc.mongo:4.4.2 -- Pulling image layers:  3 pending,  9 downloaded,  9 extracted, (60 MB/? MB)
13:48:57.614 [docker-java-stream-830364299] INFO tc.mongo:4.4.2 -- Pulling image layers:  2 pending, 10 downloaded,  9 extracted, (159 MB/? MB)
13:49:00.583 [docker-java-stream-830364299] INFO tc.mongo:4.4.2 -- Pulling image layers:  2 pending, 10 downloaded, 10 extracted, (160 MB/? MB)
13:49:00.609 [docker-java-stream-830364299] INFO tc.mongo:4.4.2 -- Pulling image layers:  2 pending, 10 downloaded, 11 extracted, (160 MB/? MB)
13:49:00.632 [docker-java-stream-830364299] INFO tc.mongo:4.4.2 -- Pulling image layers:  2 pending, 10 downloaded, 12 extracted, (160 MB/? MB)
13:49:00.641 [main] INFO tc.mongo:4.4.2 -- Image mongo:4.4.2 pull took PT51.277638S
13:49:00.641 [docker-java-stream-830364299] INFO tc.mongo:4.4.2 -- Pull complete. 12 layers, pulled in 40s (downloaded 160 MB at 4 MB/s)
13:49:00.645 [main] INFO tc.mongo:4.4.2 -- Creating container for image: mongo:4.4.2
13:49:00.795 [main] INFO tc.mongo:4.4.2 -- Container mongo:4.4.2 is starting: c6c21ce76e0f83d85717aec0a4d81f8b45c95a975a32df67ee8885d3863e1565
13:49:01.095 [main] INFO tc.mongo:4.4.2 -- Container mongo:4.4.2 started in PT0.450671S

  .   ____          _            __ _ _
 /\\ / ___'_ __ _ _(_)_ __  __ _ \ \ \ \
( ( )\___ | '_ | '_| | '_ \/ _` | \ \ \ \
 \\/  ___)| |_)| | | | | || (_| |  ) ) ) )
  '  |____| .__|_| |_|_| |_\__, | / / / /
 =========|_|==============|___/=/_/_/_/
 :: Spring Boot ::                (v3.2.1)

2024-01-09T13:49:01.450+07:00  INFO 63561 --- [           main] c.p.t.p.ProductServiceApplicationTests   : Starting ProductServiceApplicationTests using Java 17.0.5 with PID 63561 (started by btanh in /Volumes/Data/SourceCode/Personal/springboot-microservices/microservices-parent/product-service)
2024-01-09T13:49:01.452+07:00  INFO 63561 --- [           main] c.p.t.p.ProductServiceApplicationTests   : No active profile set, falling back to 1 default profile: "default"
2024-01-09T13:49:01.750+07:00  INFO 63561 --- [           main] .s.d.r.c.RepositoryConfigurationDelegate : Bootstrapping Spring Data MongoDB repositories in DEFAULT mode.
2024-01-09T13:49:01.786+07:00  INFO 63561 --- [           main] .s.d.r.c.RepositoryConfigurationDelegate : Finished Spring Data repository scanning in 33 ms. Found 1 MongoDB repository interface.
2024-01-09T13:49:02.003+07:00  INFO 63561 --- [           main] org.mongodb.driver.client                : MongoClient with metadata {"driver": {"name": "mongo-java-driver|sync|spring-boot", "version": "4.11.1"}, "os": {"type": "Darwin", "name": "Mac OS X", "architecture": "aarch64", "version": "14.2.1"}, "platform": "Java/Eclipse Adoptium/17.0.5+8"} created with settings MongoClientSettings{readPreference=primary, writeConcern=WriteConcern{w=null, wTimeout=null ms, journal=null}, retryWrites=true, retryReads=true, readConcern=ReadConcern{level=null}, credential=null, transportSettings=null, streamFactoryFactory=null, commandListeners=[], codecRegistry=ProvidersCodecRegistry{codecProviders=[ValueCodecProvider{}, BsonValueCodecProvider{}, DBRefCodecProvider{}, DBObjectCodecProvider{}, DocumentCodecProvider{}, CollectionCodecProvider{}, IterableCodecProvider{}, MapCodecProvider{}, GeoJsonCodecProvider{}, GridFSFileCodecProvider{}, Jsr310CodecProvider{}, JsonObjectCodecProvider{}, BsonCodecProvider{}, EnumCodecProvider{}, com.mongodb.client.model.mql.ExpressionCodecProvider@595814a1, com.mongodb.Jep395RecordCodecProvider@7de5871d, com.mongodb.KotlinCodecProvider@49d42faf]}, loggerSettings=LoggerSettings{maxDocumentLength=1000}, clusterSettings={hosts=[localhost:32769], srvServiceName=mongodb, mode=SINGLE, requiredClusterType=UNKNOWN, requiredReplicaSetName='null', serverSelector='null', clusterListeners='[]', serverSelectionTimeout='30000 ms', localThreshold='15 ms'}, socketSettings=SocketSettings{connectTimeoutMS=10000, readTimeoutMS=0, receiveBufferSize=0, proxySettings=ProxySettings{host=null, port=null, username=null, password=null}}, heartbeatSocketSettings=SocketSettings{connectTimeoutMS=10000, readTimeoutMS=10000, receiveBufferSize=0, proxySettings=ProxySettings{host=null, port=null, username=null, password=null}}, connectionPoolSettings=ConnectionPoolSettings{maxSize=100, minSize=0, maxWaitTimeMS=120000, maxConnectionLifeTimeMS=0, maxConnectionIdleTimeMS=0, maintenanceInitialDelayMS=0, maintenanceFrequencyMS=60000, connectionPoolListeners=[], maxConnecting=2}, serverSettings=ServerSettings{heartbeatFrequencyMS=10000, minHeartbeatFrequencyMS=500, serverListeners='[]', serverMonitorListeners='[]'}, sslSettings=SslSettings{enabled=false, invalidHostNameAllowed=false, context=null}, applicationName='null', compressorList=[], uuidRepresentation=JAVA_LEGACY, serverApi=null, autoEncryptionSettings=null, dnsClient=null, inetAddressResolver=null, contextProvider=null}
2024-01-09T13:49:02.002+07:00  INFO 63561 --- [localhost:32769] org.mongodb.driver.cluster               : Exception in monitor thread while connecting to server localhost:32769

com.mongodb.MongoSocketOpenException: Exception opening socket
	at com.mongodb.internal.connection.SocketStream.lambda$open$0(SocketStream.java:84) ~[mongodb-driver-core-4.11.1.jar:na]
	at java.base/java.util.Optional.orElseThrow(Optional.java:403) ~[na:na]
	at com.mongodb.internal.connection.SocketStream.open(SocketStream.java:84) ~[mongodb-driver-core-4.11.1.jar:na]
	at com.mongodb.internal.connection.InternalStreamConnection.open(InternalStreamConnection.java:211) ~[mongodb-driver-core-4.11.1.jar:na]
	at com.mongodb.internal.connection.DefaultServerMonitor$ServerMonitorRunnable.lookupServerDescription(DefaultServerMonitor.java:196) ~[mongodb-driver-core-4.11.1.jar:na]
	at com.mongodb.internal.connection.DefaultServerMonitor$ServerMonitorRunnable.run(DefaultServerMonitor.java:156) ~[mongodb-driver-core-4.11.1.jar:na]
	at java.base/java.lang.Thread.run(Thread.java:833) ~[na:na]
Caused by: java.net.ConnectException: Connection refused
	at java.base/sun.nio.ch.Net.pollConnect(Native Method) ~[na:na]
	at java.base/sun.nio.ch.Net.pollConnectNow(Net.java:672) ~[na:na]
	at java.base/sun.nio.ch.NioSocketImpl.timedFinishConnect(NioSocketImpl.java:549) ~[na:na]
	at java.base/sun.nio.ch.NioSocketImpl.connect(NioSocketImpl.java:597) ~[na:na]
	at java.base/java.net.SocksSocketImpl.connect(SocksSocketImpl.java:327) ~[na:na]
	at java.base/java.net.Socket.connect(Socket.java:633) ~[na:na]
	at com.mongodb.internal.connection.SocketStreamHelper.initialize(SocketStreamHelper.java:76) ~[mongodb-driver-core-4.11.1.jar:na]
	at com.mongodb.internal.connection.SocketStream.initializeSocket(SocketStream.java:104) ~[mongodb-driver-core-4.11.1.jar:na]
	at com.mongodb.internal.connection.SocketStream.open(SocketStream.java:78) ~[mongodb-driver-core-4.11.1.jar:na]
	... 4 common frames omitted

2024-01-09T13:49:02.385+07:00  INFO 63561 --- [           main] o.s.b.t.m.w.SpringBootMockServletContext : Initializing Spring TestDispatcherServlet ''
2024-01-09T13:49:02.385+07:00  INFO 63561 --- [           main] o.s.t.web.servlet.TestDispatcherServlet  : Initializing Servlet ''
2024-01-09T13:49:02.387+07:00  INFO 63561 --- [           main] o.s.t.web.servlet.TestDispatcherServlet  : Completed initialization in 1 ms
2024-01-09T13:49:02.402+07:00  INFO 63561 --- [           main] c.p.t.p.ProductServiceApplicationTests   : Started ProductServiceApplicationTests in 1.071 seconds (process running for 56.622)
2024-01-09T13:49:03.000+07:00  INFO 63561 --- [           main] org.mongodb.driver.cluster               : No server chosen by WritableServerSelector from cluster description ClusterDescription{type=UNKNOWN, connectionMode=SINGLE, serverDescriptions=[ServerDescription{address=localhost:32769, type=UNKNOWN, state=CONNECTING, exception={com.mongodb.MongoSocketOpenException: Exception opening socket}, caused by {java.net.ConnectException: Connection refused}}]}. Waiting for 30000 ms before timing out
2024-01-09T13:49:03.517+07:00  INFO 63561 --- [localhost:32769] org.mongodb.driver.cluster               : Monitor thread successfully connected to server with description ServerDescription{address=localhost:32769, type=REPLICA_SET_PRIMARY, state=CONNECTED, ok=true, minWireVersion=0, maxWireVersion=9, maxDocumentSize=16777216, logicalSessionTimeoutMinutes=30, roundTripTimeNanos=12986334, setName='docker-rs', canonicalAddress=c6c21ce76e0f:27017, hosts=[c6c21ce76e0f:27017], passives=[], arbiters=[], primary='c6c21ce76e0f:27017', tagSet=TagSet{[]}, electionId=7fffffff0000000000000001, setVersion=1, topologyVersion=TopologyVersion{processId=659cec5ca29f267b9ceaba60, counter=6}, lastWriteDate=Tue Jan 09 13:49:00 ICT 2024, lastUpdateTimeNanos=20358768655833}
2024-01-09T13:49:03.536+07:00  INFO 63561 --- [           main] c.p.t.p.service.ProductService           : Product is saved - product id: 659cec5eb82bc469fdb23325
]]></system-out>
  </testcase>
</testsuite>